<?xml version="1.0" encoding="UTF-8"?>
<testng-results skipped="0" failed="0" ignored="0" total="1" passed="1">
  <reporter-output>
  </reporter-output>
  <suite name="Suite" duration-ms="41220" started-at="2021-03-13T08:05:50Z" finished-at="2021-03-13T08:06:31Z">
    <groups>
    </groups>
    <test name="Test" duration-ms="41220" started-at="2021-03-13T08:05:50Z" finished-at="2021-03-13T08:06:31Z">
      <class name="com.sai.Testcases.LoginTestCase">
        <test-method status="PASS" signature="First()[pri:0, instance:com.sai.Testcases.LoginTestCase@d3bd8b]" name="First" is-config="true" duration-ms="21284" started-at="2021-03-13T08:05:50Z" finished-at="2021-03-13T08:06:12Z">
          <reporter-output>
          </reporter-output>
        </test-method> <!-- First -->
        <test-method status="PASS" signature="LoginTest()[pri:0, instance:com.sai.Testcases.LoginTestCase@d3bd8b]" name="LoginTest" duration-ms="18871" started-at="2021-03-13T08:06:12Z" finished-at="2021-03-13T08:06:31Z">
          <reporter-output>
          </reporter-output>
        </test-method> <!-- LoginTest -->
        <test-method status="PASS" signature="TearDown()[pri:0, instance:com.sai.Testcases.LoginTestCase@d3bd8b]" name="TearDown" is-config="true" duration-ms="725" started-at="2021-03-13T08:06:31Z" finished-at="2021-03-13T08:06:31Z">
          <reporter-output>
          </reporter-output>
        </test-method> <!-- TearDown -->
      </class> <!-- com.sai.Testcases.LoginTestCase -->
    </test> <!-- Test -->
  </suite> <!-- Suite -->
</testng-results>
